2023-02-01 12:16:44,274 [Worker-43] WARN  o.e.r.models.ModelRepository - Failed to download org.eclipse.recommenders:index::zip:0.0.0
org.eclipse.aether.resolution.ArtifactResolutionException: Could not find artifact org.eclipse.recommenders:index:zip:0.0.0-SNAPSHOT in models (http://download.eclipse.org/recommenders/models/mars/)
	at org.eclipse.aether.internal.impl.DefaultArtifactResolver.resolve(DefaultArtifactResolver.java:444) ~[na:na]
	at org.eclipse.aether.internal.impl.DefaultArtifactResolver.resolveArtifacts(DefaultArtifactResolver.java:246) ~[na:na]
	at org.eclipse.aether.internal.impl.DefaultArtifactResolver.resolveArtifact(DefaultArtifactResolver.java:223) ~[na:na]
	at org.eclipse.aether.internal.impl.DefaultRepositorySystem.resolveArtifact(DefaultRepositorySystem.java:294) ~[na:na]
	at org.eclipse.recommenders.models.ModelRepository.resolveInternal(ModelRepository.java:192) [org.eclipse.recommenders.models_2.3.0.v20160216-1255.jar:na]
	at org.eclipse.recommenders.models.ModelRepository.resolve(ModelRepository.java:174) [org.eclipse.recommenders.models_2.3.0.v20160216-1255.jar:na]
	at org.eclipse.recommenders.internal.models.rcp.EclipseModelRepository.resolve(EclipseModelRepository.java:165) [org.eclipse.recommenders.models.rcp_2.3.0.v20160216-1255.jar:na]
	at org.eclipse.recommenders.internal.models.rcp.DownloadModelArchiveJob.run(DownloadModelArchiveJob.java:76) [org.eclipse.recommenders.models.rcp_2.3.0.v20160216-1255.jar:na]
	at org.eclipse.core.internal.jobs.Worker.run(Worker.java:55) [org.eclipse.core.jobs_3.7.0.v20150330-2103.jar:na]
Caused by: org.eclipse.aether.transfer.ArtifactNotFoundException: Could not find artifact org.eclipse.recommenders:index:zip:0.0.0-SNAPSHOT in models (http://download.eclipse.org/recommenders/models/mars/)
	at org.eclipse.aether.connector.basic.ArtifactTransportListener.transferFailed(ArtifactTransportListener.java:39) ~[org.eclipse.aether.connector.basic_1.0.1.v20141111.jar:na]
	at org.eclipse.aether.connector.basic.BasicRepositoryConnector$TaskRunner.run(BasicRepositoryConnector.java:355) ~[org.eclipse.aether.connector.basic_1.0.1.v20141111.jar:na]
	at org.eclipse.aether.util.concurrency.RunnableErrorForwarder$1.run(RunnableErrorForwarder.java:67) ~[na:na]
	at org.eclipse.aether.connector.basic.BasicRepositoryConnector$DirectExecutor.execute(BasicRepositoryConnector.java:581) ~[org.eclipse.aether.connector.basic_1.0.1.v20141111.jar:na]
	at org.eclipse.aether.connector.basic.BasicRepositoryConnector.get(BasicRepositoryConnector.java:249) ~[org.eclipse.aether.connector.basic_1.0.1.v20141111.jar:na]
	at org.eclipse.aether.internal.impl.DefaultArtifactResolver.performDownloads(DefaultArtifactResolver.java:520) ~[na:na]
	at org.eclipse.aether.internal.impl.DefaultArtifactResolver.resolve(DefaultArtifactResolver.java:421) ~[na:na]
	... 8 common frames omitted
2023-02-02 09:52:21,644 [Worker-58] WARN  o.e.r.models.ModelRepository - Failed to download org.eclipse.recommenders:index::zip:0.0.0
org.eclipse.aether.resolution.ArtifactResolutionException: Could not find artifact org.eclipse.recommenders:index:zip:0.0.0-SNAPSHOT in models (http://download.eclipse.org/recommenders/models/mars/)
	at org.eclipse.aether.internal.impl.DefaultArtifactResolver.resolve(DefaultArtifactResolver.java:444) ~[na:na]
	at org.eclipse.aether.internal.impl.DefaultArtifactResolver.resolveArtifacts(DefaultArtifactResolver.java:246) ~[na:na]
	at org.eclipse.aether.internal.impl.DefaultArtifactResolver.resolveArtifact(DefaultArtifactResolver.java:223) ~[na:na]
	at org.eclipse.aether.internal.impl.DefaultRepositorySystem.resolveArtifact(DefaultRepositorySystem.java:294) ~[na:na]
	at org.eclipse.recommenders.models.ModelRepository.resolveInternal(ModelRepository.java:192) [org.eclipse.recommenders.models_2.3.0.v20160216-1255.jar:na]
	at org.eclipse.recommenders.models.ModelRepository.resolve(ModelRepository.java:174) [org.eclipse.recommenders.models_2.3.0.v20160216-1255.jar:na]
	at org.eclipse.recommenders.internal.models.rcp.EclipseModelRepository.resolve(EclipseModelRepository.java:165) [org.eclipse.recommenders.models.rcp_2.3.0.v20160216-1255.jar:na]
	at org.eclipse.recommenders.internal.models.rcp.DownloadModelArchiveJob.run(DownloadModelArchiveJob.java:76) [org.eclipse.recommenders.models.rcp_2.3.0.v20160216-1255.jar:na]
	at org.eclipse.core.internal.jobs.Worker.run(Worker.java:55) [org.eclipse.core.jobs_3.7.0.v20150330-2103.jar:na]
Caused by: org.eclipse.aether.transfer.ArtifactNotFoundException: Could not find artifact org.eclipse.recommenders:index:zip:0.0.0-SNAPSHOT in models (http://download.eclipse.org/recommenders/models/mars/)
	at org.eclipse.aether.connector.basic.ArtifactTransportListener.transferFailed(ArtifactTransportListener.java:39) ~[org.eclipse.aether.connector.basic_1.0.1.v20141111.jar:na]
	at org.eclipse.aether.connector.basic.BasicRepositoryConnector$TaskRunner.run(BasicRepositoryConnector.java:355) ~[org.eclipse.aether.connector.basic_1.0.1.v20141111.jar:na]
	at org.eclipse.aether.util.concurrency.RunnableErrorForwarder$1.run(RunnableErrorForwarder.java:67) ~[na:na]
	at org.eclipse.aether.connector.basic.BasicRepositoryConnector$DirectExecutor.execute(BasicRepositoryConnector.java:581) ~[org.eclipse.aether.connector.basic_1.0.1.v20141111.jar:na]
	at org.eclipse.aether.connector.basic.BasicRepositoryConnector.get(BasicRepositoryConnector.java:249) ~[org.eclipse.aether.connector.basic_1.0.1.v20141111.jar:na]
	at org.eclipse.aether.internal.impl.DefaultArtifactResolver.performDownloads(DefaultArtifactResolver.java:520) ~[na:na]
	at org.eclipse.aether.internal.impl.DefaultArtifactResolver.resolve(DefaultArtifactResolver.java:421) ~[na:na]
	... 8 common frames omitted
2023-02-02 12:20:53,720 [Worker-135] INFO  o.e.m.c.i.p.ProjectConfigurationManager - Collecting project info '/pom.xml' D:\Java_Training\EJB\EjbCalcServlet\pom.xml
2023-02-02 12:20:55,523 [Worker-135] INFO  o.e.m.c.i.l.LifecycleMappingFactory - Using org.maven.ide.eclipse.wtp.WarLifecycleMapping lifecycle mapping for MavenProject: infinite:EjbCalcServlet:0.0.1-SNAPSHOT @ D:\Java_Training\EJB\EjbCalcServlet\pom.xml.
2023-02-02 12:20:57,540 [Worker-135] INFO  o.e.m.j.i.AbstractJavaProjectConfigurator - Adding source folder /EjbCalcServlet/src/main/java
2023-02-02 12:20:57,540 [Worker-135] INFO  o.e.m.j.i.AbstractJavaProjectConfigurator - Adding resource folder /EjbCalcServlet/src/main/resources
2023-02-02 12:20:57,545 [Worker-135] INFO  o.e.m.j.i.AbstractJavaProjectConfigurator - Adding source folder /EjbCalcServlet/src/test/java
2023-02-02 12:20:59,005 [Worker-135] INFO  o.e.m.c.i.embedder.EclipseLogger - Using 'UTF-8' encoding to copy filtered resources.
2023-02-02 12:20:59,010 [Worker-135] INFO  o.e.m.c.i.embedder.EclipseLogger - Copying 0 resource
2023-02-02 12:20:59,012 [Worker-135] INFO  o.e.m.c.i.embedder.EclipseLogger - Using 'UTF-8' encoding to copy filtered resources.
2023-02-02 12:20:59,013 [Worker-135] INFO  o.e.m.c.i.embedder.EclipseLogger - skip non existing resourceDirectory D:\Java_Training\EJB\EjbCalcServlet\src\test\resources
2023-02-02 12:20:59,579 [Worker-135] INFO  o.e.m.c.i.p.ProjectConfigurationManager - Imported and configured 1 project(s) in 5 sec
2023-02-02 12:21:00,475 [Worker-137] INFO  o.e.m.c.i.embedder.EclipseLogger - Using 'UTF-8' encoding to copy filtered resources.
2023-02-02 12:21:00,479 [Worker-137] INFO  o.e.m.c.i.embedder.EclipseLogger - Copying 0 resource
2023-02-02 12:21:00,480 [Worker-137] INFO  o.e.m.c.i.embedder.EclipseLogger - Using 'UTF-8' encoding to copy filtered resources.
2023-02-02 12:21:00,480 [Worker-137] INFO  o.e.m.c.i.embedder.EclipseLogger - skip non existing resourceDirectory D:\Java_Training\EJB\EjbCalcServlet\src\test\resources
2023-02-02 12:21:32,225 [Worker-141] INFO  o.e.m.c.i.embedder.EclipseLogger - Using 'UTF-8' encoding to copy filtered resources.
2023-02-02 12:21:32,226 [Worker-141] INFO  o.e.m.c.i.embedder.EclipseLogger - Copying 0 resource
2023-02-02 12:21:32,228 [Worker-141] INFO  o.e.m.c.i.embedder.EclipseLogger - Using 'UTF-8' encoding to copy filtered resources.
2023-02-02 12:21:32,228 [Worker-141] INFO  o.e.m.c.i.embedder.EclipseLogger - skip non existing resourceDirectory D:\Java_Training\EJB\EjbCalcServlet\src\test\resources
2023-02-02 12:22:02,804 [Worker-138] INFO  o.e.m.c.i.embedder.EclipseLogger - Using 'UTF-8' encoding to copy filtered resources.
2023-02-02 12:22:02,805 [Worker-138] INFO  o.e.m.c.i.embedder.EclipseLogger - Copying 0 resource
2023-02-02 12:22:02,805 [Worker-138] INFO  o.e.m.c.i.embedder.EclipseLogger - Using 'UTF-8' encoding to copy filtered resources.
2023-02-02 12:22:02,806 [Worker-138] INFO  o.e.m.c.i.embedder.EclipseLogger - skip non existing resourceDirectory D:\Java_Training\EJB\EjbCalcServlet\src\test\resources
2023-02-02 12:22:58,663 [Worker-141] INFO  o.e.m.c.i.embedder.EclipseLogger - Using 'UTF-8' encoding to copy filtered resources.
2023-02-02 12:22:58,664 [Worker-141] INFO  o.e.m.c.i.embedder.EclipseLogger - Copying 0 resource
2023-02-02 12:22:58,664 [Worker-141] INFO  o.e.m.c.i.embedder.EclipseLogger - Using 'UTF-8' encoding to copy filtered resources.
2023-02-02 12:22:58,664 [Worker-141] INFO  o.e.m.c.i.embedder.EclipseLogger - skip non existing resourceDirectory D:\Java_Training\EJB\EjbCalcServlet\src\test\resources
2023-02-02 12:24:17,161 [Worker-139] INFO  o.e.m.c.i.embedder.EclipseLogger - Using 'UTF-8' encoding to copy filtered resources.
2023-02-02 12:24:17,162 [Worker-139] INFO  o.e.m.c.i.embedder.EclipseLogger - Copying 0 resource
2023-02-02 12:24:17,163 [Worker-139] INFO  o.e.m.c.i.embedder.EclipseLogger - Using 'UTF-8' encoding to copy filtered resources.
2023-02-02 12:24:17,163 [Worker-139] INFO  o.e.m.c.i.embedder.EclipseLogger - skip non existing resourceDirectory D:\Java_Training\EJB\EjbCalcServlet\src\test\resources
2023-02-02 12:25:12,548 [Worker-143] INFO  o.e.m.c.i.embedder.EclipseLogger - Using 'UTF-8' encoding to copy filtered resources.
2023-02-02 12:25:12,550 [Worker-143] INFO  o.e.m.c.i.embedder.EclipseLogger - Copying 0 resource
2023-02-02 12:25:12,550 [Worker-143] INFO  o.e.m.c.i.embedder.EclipseLogger - Using 'UTF-8' encoding to copy filtered resources.
2023-02-02 12:25:12,550 [Worker-143] INFO  o.e.m.c.i.embedder.EclipseLogger - skip non existing resourceDirectory D:\Java_Training\EJB\EjbCalcServlet\src\test\resources
2023-02-02 12:25:20,083 [Worker-143] INFO  o.e.m.c.i.embedder.EclipseLogger - Using 'UTF-8' encoding to copy filtered resources.
2023-02-02 12:25:20,084 [Worker-143] INFO  o.e.m.c.i.embedder.EclipseLogger - Copying 0 resource
2023-02-02 12:25:20,086 [Worker-143] INFO  o.e.m.c.i.embedder.EclipseLogger - Using 'UTF-8' encoding to copy filtered resources.
2023-02-02 12:25:20,086 [Worker-143] INFO  o.e.m.c.i.embedder.EclipseLogger - skip non existing resourceDirectory D:\Java_Training\EJB\EjbCalcServlet\src\test\resources
2023-02-02 12:26:09,552 [Worker-141] INFO  o.e.m.c.i.embedder.EclipseLogger - Using 'UTF-8' encoding to copy filtered resources.
2023-02-02 12:26:09,552 [Worker-141] INFO  o.e.m.c.i.embedder.EclipseLogger - Copying 0 resource
2023-02-02 12:26:09,553 [Worker-141] INFO  o.e.m.c.i.embedder.EclipseLogger - Using 'UTF-8' encoding to copy filtered resources.
2023-02-02 12:26:09,553 [Worker-141] INFO  o.e.m.c.i.embedder.EclipseLogger - skip non existing resourceDirectory D:\Java_Training\EJB\EjbCalcServlet\src\test\resources
2023-02-02 12:26:10,720 [Worker-137] INFO  o.e.m.c.i.embedder.EclipseLogger - Using 'UTF-8' encoding to copy filtered resources.
2023-02-02 12:26:10,720 [Worker-137] INFO  o.e.m.c.i.embedder.EclipseLogger - Copying 0 resource
2023-02-02 12:26:10,721 [Worker-137] INFO  o.e.m.c.i.embedder.EclipseLogger - Using 'UTF-8' encoding to copy filtered resources.
2023-02-02 12:26:10,721 [Worker-137] INFO  o.e.m.c.i.embedder.EclipseLogger - skip non existing resourceDirectory D:\Java_Training\EJB\EjbCalcServlet\src\test\resources
2023-02-02 12:33:19,495 [Worker-147] INFO  o.e.m.c.i.embedder.EclipseLogger - Using 'UTF-8' encoding to copy filtered resources.
2023-02-02 12:33:19,496 [Worker-147] INFO  o.e.m.c.i.embedder.EclipseLogger - Copying 0 resource
2023-02-02 12:33:19,496 [Worker-147] INFO  o.e.m.c.i.embedder.EclipseLogger - Using 'UTF-8' encoding to copy filtered resources.
2023-02-02 12:33:19,496 [Worker-147] INFO  o.e.m.c.i.embedder.EclipseLogger - skip non existing resourceDirectory D:\Java_Training\EJB\EjbCalcServlet\src\test\resources
2023-02-02 12:33:24,384 [Worker-144] INFO  o.e.m.c.i.embedder.EclipseLogger - Using 'UTF-8' encoding to copy filtered resources.
2023-02-02 12:33:24,384 [Worker-144] INFO  o.e.m.c.i.embedder.EclipseLogger - Copying 0 resource
2023-02-02 12:33:24,385 [Worker-144] INFO  o.e.m.c.i.embedder.EclipseLogger - Using 'UTF-8' encoding to copy filtered resources.
2023-02-02 12:33:24,385 [Worker-144] INFO  o.e.m.c.i.embedder.EclipseLogger - skip non existing resourceDirectory D:\Java_Training\EJB\EjbCalcServlet\src\test\resources
2023-02-02 12:33:30,952 [Worker-147] INFO  o.e.m.c.i.embedder.EclipseLogger - Using 'UTF-8' encoding to copy filtered resources.
2023-02-02 12:33:30,952 [Worker-147] INFO  o.e.m.c.i.embedder.EclipseLogger - Copying 0 resource
2023-02-02 12:33:30,953 [Worker-147] INFO  o.e.m.c.i.embedder.EclipseLogger - Using 'UTF-8' encoding to copy filtered resources.
2023-02-02 12:33:30,953 [Worker-147] INFO  o.e.m.c.i.embedder.EclipseLogger - skip non existing resourceDirectory D:\Java_Training\EJB\EjbCalcServlet\src\test\resources
2023-02-02 12:44:32,544 [Worker-158] INFO  o.e.m.c.i.l.LifecycleMappingFactory - Using org.maven.ide.eclipse.wtp.WarLifecycleMapping lifecycle mapping for MavenProject: infinite:EjbCalcServlet:0.0.1-SNAPSHOT @ D:\Java_Training\EJB\EjbCalcServlet\pom.xml.
2023-02-02 12:44:35,004 [Worker-154] INFO  o.e.m.c.i.embedder.EclipseLogger - Using 'UTF-8' encoding to copy filtered resources.
2023-02-02 12:44:35,007 [Worker-154] INFO  o.e.m.c.i.embedder.EclipseLogger - Copying 0 resource
2023-02-02 12:44:35,009 [Worker-154] INFO  o.e.m.c.i.embedder.EclipseLogger - Using 'UTF-8' encoding to copy filtered resources.
2023-02-02 12:44:35,009 [Worker-154] INFO  o.e.m.c.i.embedder.EclipseLogger - skip non existing resourceDirectory D:\Java_Training\EJB\EjbCalcServlet\src\test\resources
2023-02-02 12:44:35,010 [Worker-154] INFO  o.e.m.w.i.f.ResourceFilteringBuildParticipant - Changed resources require a complete clean of filtered resources of EjbCalcServlet
2023-02-02 12:44:35,012 [Worker-154] INFO  o.e.m.w.i.f.ResourceFilteringBuildParticipant - Executing resource filtering for EjbCalcServlet
2023-02-02 12:44:35,017 [Worker-154] INFO  o.e.m.c.i.embedder.EclipseLogger - Using 'UTF-8' encoding to copy filtered resources.
